<?xml version="1.0" encoding="UTF-8"?>
<!-- Generated by org.testng.reporters.JUnitXMLReporter -->
<testsuite hostname="BaBa-Rasheed" failures="1" tests="2" name="TestAC" time="31.812" errors="0" timestamp="11 Jan 2022 19:30:57 GMT">
  <testcase classname="cucumberOptions.TestRunner" name="runScenario" time="31.473"/>
  <testcase classname="cucumberOptions.TestRunner" name="runScenario" time="31.481">
    <failure type="java.lang.NullPointerException" message="Cannot invoke &amp;quot;org.openqa.selenium.TakesScreenshot.getScreenshotAs(org.openqa.selenium.OutputType)&amp;quot; because &amp;quot;ts&amp;quot; is null">
      <![CDATA[java.lang.NullPointerException: Cannot invoke "org.openqa.selenium.TakesScreenshot.getScreenshotAs(org.openqa.selenium.OutputType)" because "ts" is null
	at Resources.Base.getscreenshotpath(Base.java:42)
	at E2EDaraz.Listenners.onTestSuccess(Listenners.java:33)
	at java.base/java.util.concurrent.FutureTask.run(FutureTask.java:264)
	at java.base/java.util.concurrent.ThreadPoolExecutor.runWorker(ThreadPoolExecutor.java:1130)
	at java.base/java.util.concurrent.ThreadPoolExecutor$Worker.run(ThreadPoolExecutor.java:630)
	at java.base/java.lang.Thread.run(Thread.java:831)
... Removed 13 stack frames]]>
    </failure>
  </testcase> <!-- runScenario -->
</testsuite> <!-- TestAC -->
